- 13:40:27.359 INFO: --------------------------------------------------------
- 13:40:27.359 INFO: Started application
- 13:40:27.375 INFO: Logging to: C:\xampp\htdocs\calculator\debug.log
- 13:40:27.375 INFO: Log level = DEBUG4
- 13:40:27.375 INFO: Starting Mongoose 3.9c web server
- 13:40:27.375 INFO: WWW directory: C:\xampp\htdocs\calculator\www
- 13:40:27.375 INFO: Index files: index.html,index.php
- 13:40:27.375 INFO: CGI interpreter: C:\xampp\htdocs\calculator\php\php-cgi.exe
- 13:40:27.375 INFO: CGI pattern: **.php$
- 13:40:27.375 INFO: Hide files patterns: 
- 13:40:27.391 INFO: CGI environment variables set: TMP=C:\Users\ADMIN\AppData\Local\Temp\,TEMP=C:\Users\ADMIN\AppData\Local\Temp\,TMPDIR=C:\Users\ADMIN\AppData\Local\Temp\,SERVER_NAME=127.0.0.1,PHPDESKTOP_VERSION=57.0
- 13:40:27.406 INFO: Web server url: http://127.0.0.1:3568/
- 13:40:27.422 INFO: remote_debugging_port = 62143
- 13:40:27.438 DEBUG: Command line string for the browser process: "C:\xampp\htdocs\calculator\phpdesktop-chrome.exe" --no-sandbox --lang=en-US --log-file="C:\xampp\htdocs\calculator\debug.log" --remote-debugging-port=62143
- 13:40:29.469 DEBUG: App::OnContextInitialized()
- 13:40:29.469 DEBUG: Window max width/height = 1600/962
- 13:40:29.469 DEBUG: GetBrowserWindow(): not found, hwnd = 198190
- 13:40:29.000 DEBUG: Command line string for the gpu-process process: "C:\xampp\htdocs\calculator\phpdesktop-chrome.exe" --type=gpu-process --no-sandbox --lang=en-US --log-file="C:\xampp\htdocs\calculator\debug.log" --disable-d3d11 --disable-direct-composition --supports-dual-gpus=false --gpu-driver-bug-workarounds=7,10,16,18,19,20,23,41,61,74 --disable-gl-extensions="GL_KHR_blend_equation_advanced GL_KHR_blend_equation_advanced_coherent" --gpu-vendor-id=0x8086 --gpu-device-id=0x29c2 --gpu-driver-vendor="Intel Corporation" --gpu-driver-version=8.15.10.2697 --gpu-driver-date=10-1-2012 --lang=en-US --log-file="C:\xampp\htdocs\calculator\debug.log" --service-request-channel-token=3C7F59021FDDBA5112CE426D9A778DB5 --mojo-platform-channel-handle=1808 /prefetch:2
- 13:40:29.469 DEBUG: WindowProc(): event WM_GETMINMAXINFO: could not fetch BrowserWindow
- 13:40:29.500 DEBUG: BrowserWindow::CreateBrowserControl()
- 13:40:29.500 DEBUG: StoreBrowserWindow(): hwnd = 198190
- 13:40:30.953 DEBUG: ClientHandler::OnAfterCreated()
- 13:40:30.953 DEBUG: SetCefBrowser() called in ClientHandler::OnAfterCreated()
- 13:40:30.000 DEBUG: OnLoadingStateChange: loading=1, url=
- 13:40:30.000 DEBUG: Command line string for the renderer process: "C:\xampp\htdocs\calculator\phpdesktop-chrome.exe" --type=renderer --no-sandbox --primordial-pipe-token=4A49B080BDB0ECD3F1996257F9261244 --lang=en-US --lang=en-US --log-file="C:\xampp\htdocs\calculator\debug.log" --enable-pinch --device-scale-factor=1 --num-raster-threads=1 --content-image-texture-target=0,0,3553;0,1,3553;0,2,3553;0,3,3553;0,4,3553;0,5,3553;0,6,3553;0,7,3553;0,8,3553;0,9,3553;0,10,3553;0,11,3553;0,12,3553;0,13,3553;0,14,3553;0,15,3553;1,0,3553;1,1,3553;1,2,3553;1,3,3553;1,4,3553;1,5,3553;1,6,3553;1,7,3553;1,8,3553;1,9,3553;1,10,3553;1,11,3553;1,12,3553;1,13,3553;1,14,3553;1,15,3553;2,0,3553;2,1,3553;2,2,3553;2,3,3553;2,4,3553;2,5,3553;2,6,3553;2,7,3553;2,8,3553;2,9,3553;2,10,3553;2,11,3553;2,12,3553;2,13,3553;2,14,3553;2,15,3553;3,0,3553;3,1,3553;3,2,3553;3,3,3553;3,4,3553;3,5,3553;3,6,3553;3,7,3553;3,8,3553;3,9,3553;3,10,3553;3,11,3553;3,12,3553;3,13,3553;3,14,3553;3,15,3553 --disable-accelerated-video-decode --service-request-channel-token=4A49B080BDB0ECD3F1996257F9261244 --renderer-client-id=3 --mojo-platform-channel-handle=2396 /prefetch:1
- 13:40:30.140 DEBUG: OnBrowserCreated()
[1203/134031.730:ERROR:angle_platform_impl.cc(33)] ANGLE Display::initialize error 0: No available renderers.
[1203/134031.744:ERROR:gl_surface_egl.cc(676)] eglInitialize D3D9 failed with error EGL_NOT_INITIALIZED
[1203/134031.745:ERROR:gl_initializer_win.cc(247)] GLSurfaceEGL::InitializeOneOff failed.
[1203/134031.751:ERROR:child_thread_impl.cc(762)] Request for unknown Channel-associated interface: ui::mojom::GpuMain
[1203/134031.752:ERROR:gpu_child_thread.cc(330)] Exiting GPU process due to errors during initialization
[1203/134031.932:ERROR:browser_gpu_channel_host_factory.cc(113)] Failed to launch GPU process.
[1203/134031.932:ERROR:browser_gpu_channel_host_factory.cc(113)] Failed to launch GPU process.
[1203/134031.932:ERROR:browser_gpu_channel_host_factory.cc(113)] Failed to launch GPU process.
[1203/134031.932:ERROR:browser_gpu_channel_host_factory.cc(113)] Failed to launch GPU process.
[1203/134031.933:ERROR:browser_gpu_channel_host_factory.cc(113)] Failed to launch GPU process.
- 13:40:33.281 INFO: GET 200 /style.css
- 13:40:33.234 DEBUG: OnContextCreated()
- 13:40:33.313 INFO: GET 200 /
- 13:40:33.422 DEBUG: OnLoadingStateChange: loading=0, url=http://127.0.0.1:3568/
- 13:40:39.156 DEBUG: OnBeforeClose() hwnd=198168
- 13:40:39.156 DEBUG: RemoveBrowserWindow(): hwnd = 198168
- 13:40:39.156 DEBUG: GetBrowserWindow(): not found, hwnd = 198168
- 13:40:39.156 WARNING: RemoveBrowserWindow() failed: GetBrowserWindow() failed
- 13:41:20.015 INFO: --------------------------------------------------------
- 13:41:20.015 INFO: Started application
- 13:41:20.015 INFO: Logging to: C:\xampp\htdocs\calculator\debug.log
- 13:41:20.015 INFO: Log level = DEBUG4
- 13:41:20.015 INFO: Starting Mongoose 3.9c web server
- 13:41:20.015 INFO: WWW directory: C:\xampp\htdocs\calculator\www
- 13:41:20.015 INFO: Index files: index.html,index.php
- 13:41:20.015 INFO: CGI interpreter: C:\xampp\htdocs\calculator\php\php-cgi.exe
- 13:41:20.015 INFO: CGI pattern: **.php$
- 13:41:20.015 INFO: Hide files patterns: 
- 13:41:20.015 INFO: CGI environment variables set: TMP=C:\Users\ADMIN\AppData\Local\Temp\,TEMP=C:\Users\ADMIN\AppData\Local\Temp\,TMPDIR=C:\Users\ADMIN\AppData\Local\Temp\,SERVER_NAME=127.0.0.1,PHPDESKTOP_VERSION=57.0
- 13:41:20.015 INFO: Web server url: http://127.0.0.1:3586/
- 13:41:20.015 INFO: remote_debugging_port = 49573
- 13:41:20.015 DEBUG: Command line string for the browser process: "C:\xampp\htdocs\calculator\phpdesktop-chrome.exe" --no-sandbox --lang=en-US --log-file="C:\xampp\htdocs\calculator\debug.log" --remote-debugging-port=49573
- 13:41:20.109 DEBUG: App::OnContextInitialized()
- 13:41:20.109 DEBUG: Window max width/height = 1600/962
- 13:41:20.125 DEBUG: GetBrowserWindow(): not found, hwnd = 853456
- 13:41:20.125 DEBUG: WindowProc(): event WM_GETMINMAXINFO: could not fetch BrowserWindow
- 13:41:20.125 DEBUG: BrowserWindow::CreateBrowserControl()
- 13:41:20.125 DEBUG: StoreBrowserWindow(): hwnd = 853456
- 13:41:20.265 DEBUG: ClientHandler::OnAfterCreated()
- 13:41:20.265 DEBUG: SetCefBrowser() called in ClientHandler::OnAfterCreated()
- 13:41:20.296 DEBUG: OnLoadingStateChange: loading=1, url=
- 13:41:20.000 DEBUG: Command line string for the gpu-process process: "C:\xampp\htdocs\calculator\phpdesktop-chrome.exe" --type=gpu-process --no-sandbox --lang=en-US --log-file="C:\xampp\htdocs\calculator\debug.log" --disable-d3d11 --disable-direct-composition --supports-dual-gpus=false --gpu-driver-bug-workarounds=7,10,16,18,19,20,23,41,61,74 --disable-gl-extensions="GL_KHR_blend_equation_advanced GL_KHR_blend_equation_advanced_coherent" --gpu-vendor-id=0x8086 --gpu-device-id=0x29c2 --gpu-driver-vendor="Intel Corporation" --gpu-driver-version=8.15.10.2697 --gpu-driver-date=10-1-2012 --lang=en-US --log-file="C:\xampp\htdocs\calculator\debug.log" --service-request-channel-token=4CB8BF41B5529643F169FD850D1938D7 --mojo-platform-channel-handle=1832 /prefetch:2
- 13:41:20.000 DEBUG: Command line string for the renderer process: "C:\xampp\htdocs\calculator\phpdesktop-chrome.exe" --type=renderer --no-sandbox --primordial-pipe-token=232F3916B4576CF1ACA7D5A8BFEB27D3 --lang=en-US --lang=en-US --log-file="C:\xampp\htdocs\calculator\debug.log" --enable-pinch --device-scale-factor=1 --num-raster-threads=1 --content-image-texture-target=0,0,3553;0,1,3553;0,2,3553;0,3,3553;0,4,3553;0,5,3553;0,6,3553;0,7,3553;0,8,3553;0,9,3553;0,10,3553;0,11,3553;0,12,3553;0,13,3553;0,14,3553;0,15,3553;1,0,3553;1,1,3553;1,2,3553;1,3,3553;1,4,3553;1,5,3553;1,6,3553;1,7,3553;1,8,3553;1,9,3553;1,10,3553;1,11,3553;1,12,3553;1,13,3553;1,14,3553;1,15,3553;2,0,3553;2,1,3553;2,2,3553;2,3,3553;2,4,3553;2,5,3553;2,6,3553;2,7,3553;2,8,3553;2,9,3553;2,10,3553;2,11,3553;2,12,3553;2,13,3553;2,14,3553;2,15,3553;3,0,3553;3,1,3553;3,2,3553;3,3,3553;3,4,3553;3,5,3553;3,6,3553;3,7,3553;3,8,3553;3,9,3553;3,10,3553;3,11,3553;3,12,3553;3,13,3553;3,14,3553;3,15,3553 --disable-accelerated-video-decode --service-request-channel-token=232F3916B4576CF1ACA7D5A8BFEB27D3 --renderer-client-id=3 --mojo-platform-channel-handle=2332 /prefetch:1
[1203/134120.938:ERROR:angle_platform_impl.cc(33)] ANGLE Display::initialize error 0: No available renderers.
[1203/134120.938:ERROR:gl_surface_egl.cc(676)] eglInitialize D3D9 failed with error EGL_NOT_INITIALIZED
[1203/134120.938:ERROR:gl_initializer_win.cc(247)] GLSurfaceEGL::InitializeOneOff failed.
[1203/134120.949:ERROR:child_thread_impl.cc(762)] Request for unknown Channel-associated interface: ui::mojom::GpuMain
[1203/134120.950:ERROR:gpu_child_thread.cc(330)] Exiting GPU process due to errors during initialization
[1203/134120.969:ERROR:browser_gpu_channel_host_factory.cc(113)] Failed to launch GPU process.
[1203/134120.970:ERROR:browser_gpu_channel_host_factory.cc(113)] Failed to launch GPU process.
[1203/134120.970:ERROR:browser_gpu_channel_host_factory.cc(113)] Failed to launch GPU process.
[1203/134120.970:ERROR:browser_gpu_channel_host_factory.cc(113)] Failed to launch GPU process.
[1203/134120.970:ERROR:browser_gpu_channel_host_factory.cc(113)] Failed to launch GPU process.
- 13:41:21.141 DEBUG: OnBrowserCreated()
- 13:41:22.953 INFO: GET 200 /style.css
- 13:41:22.953 INFO: GET 200 /
- 13:41:22.484 DEBUG: OnContextCreated()
- 13:41:22.031 DEBUG: OnLoadingStateChange: loading=0, url=http://127.0.0.1:3586/
- 13:41:41.000 INFO: --------------------------------------------------------
- 13:41:41.000 INFO: Started application
- 13:41:41.000 INFO: Logging to: C:\xampp\htdocs\calculator\debug.log
- 13:41:41.000 INFO: Log level = DEBUG4
- 13:41:41.000 INFO: Starting Mongoose 3.9c web server
- 13:41:41.000 INFO: WWW directory: C:\xampp\htdocs\calculator\www
- 13:41:41.000 INFO: Index files: index.html,index.php
- 13:41:41.000 INFO: CGI interpreter: C:\xampp\htdocs\calculator\php\php-cgi.exe
- 13:41:41.000 INFO: CGI pattern: **.php$
- 13:41:41.000 INFO: Hide files patterns: 
- 13:41:41.000 INFO: CGI environment variables set: TMP=C:\Users\ADMIN\AppData\Local\Temp\,TEMP=C:\Users\ADMIN\AppData\Local\Temp\,TMPDIR=C:\Users\ADMIN\AppData\Local\Temp\,SERVER_NAME=127.0.0.1,PHPDESKTOP_VERSION=57.0
- 13:41:41.015 INFO: Web server url: http://127.0.0.1:3593/
- 13:41:41.015 INFO: remote_debugging_port = 57893
- 13:41:41.015 DEBUG: Command line string for the browser process: "C:\xampp\htdocs\calculator\calculator.exe" --no-sandbox --lang=en-US --log-file="C:\xampp\htdocs\calculator\debug.log" --remote-debugging-port=57893
- 13:41:41.078 DEBUG: App::OnContextInitialized()
- 13:41:41.078 DEBUG: Window max width/height = 1600/962
- 13:41:41.093 DEBUG: GetBrowserWindow(): not found, hwnd = 656852
- 13:41:41.093 DEBUG: WindowProc(): event WM_GETMINMAXINFO: could not fetch BrowserWindow
- 13:41:41.093 DEBUG: BrowserWindow::CreateBrowserControl()
- 13:41:41.093 DEBUG: StoreBrowserWindow(): hwnd = 656852
- 13:41:41.453 DEBUG: ClientHandler::OnAfterCreated()
- 13:41:41.453 DEBUG: SetCefBrowser() called in ClientHandler::OnAfterCreated()
- 13:41:41.484 DEBUG: OnLoadingStateChange: loading=1, url=
- 13:41:41.016 DEBUG: Command line string for the gpu-process process: "C:\xampp\htdocs\calculator\calculator.exe" --type=gpu-process --no-sandbox --lang=en-US --log-file="C:\xampp\htdocs\calculator\debug.log" --disable-d3d11 --disable-direct-composition --supports-dual-gpus=false --gpu-driver-bug-workarounds=7,10,16,18,19,20,23,41,61,74 --disable-gl-extensions="GL_KHR_blend_equation_advanced GL_KHR_blend_equation_advanced_coherent" --gpu-vendor-id=0x8086 --gpu-device-id=0x29c2 --gpu-driver-vendor="Intel Corporation" --gpu-driver-version=8.15.10.2697 --gpu-driver-date=10-1-2012 --lang=en-US --log-file="C:\xampp\htdocs\calculator\debug.log" --service-request-channel-token=5E6215DA17B866056EA80A46BF40021F --mojo-platform-channel-handle=1868 /prefetch:2
- 13:41:41.000 DEBUG: Command line string for the renderer process: "C:\xampp\htdocs\calculator\calculator.exe" --type=renderer --no-sandbox --primordial-pipe-token=E84706E61242E0BA91BC8DC733C09E28 --lang=en-US --lang=en-US --log-file="C:\xampp\htdocs\calculator\debug.log" --enable-pinch --device-scale-factor=1 --num-raster-threads=1 --content-image-texture-target=0,0,3553;0,1,3553;0,2,3553;0,3,3553;0,4,3553;0,5,3553;0,6,3553;0,7,3553;0,8,3553;0,9,3553;0,10,3553;0,11,3553;0,12,3553;0,13,3553;0,14,3553;0,15,3553;1,0,3553;1,1,3553;1,2,3553;1,3,3553;1,4,3553;1,5,3553;1,6,3553;1,7,3553;1,8,3553;1,9,3553;1,10,3553;1,11,3553;1,12,3553;1,13,3553;1,14,3553;1,15,3553;2,0,3553;2,1,3553;2,2,3553;2,3,3553;2,4,3553;2,5,3553;2,6,3553;2,7,3553;2,8,3553;2,9,3553;2,10,3553;2,11,3553;2,12,3553;2,13,3553;2,14,3553;2,15,3553;3,0,3553;3,1,3553;3,2,3553;3,3,3553;3,4,3553;3,5,3553;3,6,3553;3,7,3553;3,8,3553;3,9,3553;3,10,3553;3,11,3553;3,12,3553;3,13,3553;3,14,3553;3,15,3553 --disable-accelerated-video-decode --service-request-channel-token=E84706E61242E0BA91BC8DC733C09E28 --renderer-client-id=3 --mojo-platform-channel-handle=2396 /prefetch:1
[1203/134141.763:ERROR:angle_platform_impl.cc(33)] ANGLE Display::initialize error 0: No available renderers.
[1203/134141.763:ERROR:gl_surface_egl.cc(676)] eglInitialize D3D9 failed with error EGL_NOT_INITIALIZED
[1203/134141.764:ERROR:gl_initializer_win.cc(247)] GLSurfaceEGL::InitializeOneOff failed.
[1203/134141.773:ERROR:child_thread_impl.cc(762)] Request for unknown Channel-associated interface: ui::mojom::GpuMain
[1203/134141.773:ERROR:gpu_child_thread.cc(330)] Exiting GPU process due to errors during initialization
[1203/134141.796:ERROR:browser_gpu_channel_host_factory.cc(113)] Failed to launch GPU process.
[1203/134141.796:ERROR:browser_gpu_channel_host_factory.cc(113)] Failed to launch GPU process.
[1203/134141.796:ERROR:browser_gpu_channel_host_factory.cc(113)] Failed to launch GPU process.
[1203/134141.796:ERROR:browser_gpu_channel_host_factory.cc(113)] Failed to launch GPU process.
[1203/134141.796:ERROR:browser_gpu_channel_host_factory.cc(113)] Failed to launch GPU process.
- 13:41:41.141 DEBUG: OnBrowserCreated()
[1203/134141.893:ERROR:cache_util_win.cc(20)] Unable to move the cache: 5
[1203/134141.894:ERROR:cache_util.cc(134)] Unable to move cache folder C:\xampp\htdocs\calculator\webcache\Cache to C:\xampp\htdocs\calculator\webcache\old_Cache_000
[1203/134141.894:ERROR:disk_cache.cc(132)] Unable to create cache
- 13:41:43.953 INFO: GET 200 /style.css
- 13:41:43.953 INFO: GET 200 /
- 13:41:43.391 DEBUG: OnContextCreated()
- 13:41:43.031 DEBUG: OnLoadingStateChange: loading=0, url=http://127.0.0.1:3593/
- 13:42:23.015 INFO: --------------------------------------------------------
- 13:42:23.015 INFO: Started application
- 13:42:23.015 INFO: Logging to: C:\xampp\htdocs\calculator\debug.log
- 13:42:23.015 INFO: Log level = DEBUG4
- 13:42:23.015 INFO: Starting Mongoose 3.9c web server
- 13:42:23.015 INFO: WWW directory: C:\xampp\htdocs\calculator\www
- 13:42:23.015 INFO: Index files: index.html,index.php
- 13:42:23.015 INFO: CGI interpreter: C:\xampp\htdocs\calculator\php\php-cgi.exe
- 13:42:23.015 INFO: CGI pattern: **.php$
- 13:42:23.015 INFO: Hide files patterns: 
- 13:42:23.015 INFO: CGI environment variables set: TMP=C:\Users\ADMIN\AppData\Local\Temp\,TEMP=C:\Users\ADMIN\AppData\Local\Temp\,TMPDIR=C:\Users\ADMIN\AppData\Local\Temp\,SERVER_NAME=127.0.0.1,PHPDESKTOP_VERSION=57.0
- 13:42:23.015 INFO: Web server url: http://127.0.0.1:3598/
- 13:42:23.015 INFO: remote_debugging_port = 52793
- 13:42:23.015 DEBUG: Command line string for the browser process: "C:\xampp\htdocs\calculator\calculator.exe" --no-sandbox --lang=en-US --log-file="C:\xampp\htdocs\calculator\debug.log" --remote-debugging-port=52793
- 13:42:23.109 DEBUG: App::OnContextInitialized()
- 13:42:23.109 DEBUG: Window max width/height = 1600/962
- 13:42:23.109 DEBUG: GetBrowserWindow(): not found, hwnd = 919000
- 13:42:23.109 DEBUG: WindowProc(): event WM_GETMINMAXINFO: could not fetch BrowserWindow
- 13:42:23.109 DEBUG: BrowserWindow::CreateBrowserControl()
- 13:42:23.109 DEBUG: StoreBrowserWindow(): hwnd = 919000
- 13:42:24.375 DEBUG: ClientHandler::OnAfterCreated()
- 13:42:24.375 DEBUG: SetCefBrowser() called in ClientHandler::OnAfterCreated()
- 13:42:24.390 DEBUG: OnLoadingStateChange: loading=1, url=
- 13:42:24.015 DEBUG: Command line string for the gpu-process process: "C:\xampp\htdocs\calculator\calculator.exe" --type=gpu-process --no-sandbox --lang=en-US --log-file="C:\xampp\htdocs\calculator\debug.log" --disable-d3d11 --disable-direct-composition --supports-dual-gpus=false --gpu-driver-bug-workarounds=7,10,16,18,19,20,23,41,61,74 --disable-gl-extensions="GL_KHR_blend_equation_advanced GL_KHR_blend_equation_advanced_coherent" --gpu-vendor-id=0x8086 --gpu-device-id=0x29c2 --gpu-driver-vendor="Intel Corporation" --gpu-driver-version=8.15.10.2697 --gpu-driver-date=10-1-2012 --lang=en-US --log-file="C:\xampp\htdocs\calculator\debug.log" --service-request-channel-token=A75907496C33DFD7C62F8FB88D8EDB66 --mojo-platform-channel-handle=1744 /prefetch:2
- 13:42:24.000 DEBUG: Command line string for the renderer process: "C:\xampp\htdocs\calculator\calculator.exe" --type=renderer --no-sandbox --primordial-pipe-token=0A42526247552DAA3672C4B8980FEF4E --lang=en-US --lang=en-US --log-file="C:\xampp\htdocs\calculator\debug.log" --enable-pinch --device-scale-factor=1 --num-raster-threads=1 --content-image-texture-target=0,0,3553;0,1,3553;0,2,3553;0,3,3553;0,4,3553;0,5,3553;0,6,3553;0,7,3553;0,8,3553;0,9,3553;0,10,3553;0,11,3553;0,12,3553;0,13,3553;0,14,3553;0,15,3553;1,0,3553;1,1,3553;1,2,3553;1,3,3553;1,4,3553;1,5,3553;1,6,3553;1,7,3553;1,8,3553;1,9,3553;1,10,3553;1,11,3553;1,12,3553;1,13,3553;1,14,3553;1,15,3553;2,0,3553;2,1,3553;2,2,3553;2,3,3553;2,4,3553;2,5,3553;2,6,3553;2,7,3553;2,8,3553;2,9,3553;2,10,3553;2,11,3553;2,12,3553;2,13,3553;2,14,3553;2,15,3553;3,0,3553;3,1,3553;3,2,3553;3,3,3553;3,4,3553;3,5,3553;3,6,3553;3,7,3553;3,8,3553;3,9,3553;3,10,3553;3,11,3553;3,12,3553;3,13,3553;3,14,3553;3,15,3553 --disable-accelerated-video-decode --service-request-channel-token=0A42526247552DAA3672C4B8980FEF4E --renderer-client-id=3 --mojo-platform-channel-handle=2364 /prefetch:1
[1203/134224.470:ERROR:angle_platform_impl.cc(33)] ANGLE Display::initialize error 0: No available renderers.
[1203/134224.470:ERROR:gl_surface_egl.cc(676)] eglInitialize D3D9 failed with error EGL_NOT_INITIALIZED
[1203/134224.471:ERROR:gl_initializer_win.cc(247)] GLSurfaceEGL::InitializeOneOff failed.
[1203/134224.480:ERROR:child_thread_impl.cc(762)] Request for unknown Channel-associated interface: ui::mojom::GpuMain
[1203/134224.481:ERROR:gpu_child_thread.cc(330)] Exiting GPU process due to errors during initialization
[1203/134224.507:ERROR:browser_gpu_channel_host_factory.cc(113)] Failed to launch GPU process.
[1203/134224.507:ERROR:browser_gpu_channel_host_factory.cc(113)] Failed to launch GPU process.
[1203/134224.508:ERROR:browser_gpu_channel_host_factory.cc(113)] Failed to launch GPU process.
[1203/134224.508:ERROR:browser_gpu_channel_host_factory.cc(113)] Failed to launch GPU process.
[1203/134224.508:ERROR:browser_gpu_channel_host_factory.cc(113)] Failed to launch GPU process.
- 13:42:24.125 DEBUG: OnBrowserCreated()
[1203/134224.570:ERROR:cache_util_win.cc(20)] Unable to move the cache: 5
[1203/134224.571:ERROR:cache_util.cc(134)] Unable to move cache folder C:\xampp\htdocs\calculator\webcache\Cache to C:\xampp\htdocs\calculator\webcache\old_Cache_000
[1203/134224.571:ERROR:disk_cache.cc(132)] Unable to create cache
- 13:42:25.922 INFO: GET 200 /calc.png
- 13:42:25.937 INFO: GET 200 /
- 13:42:25.093 DEBUG: OnLoadingStateChange: loading=0, url=http://127.0.0.1:3598/
- 13:43:24.906 DEBUG: WM_DESTROY
- 13:43:24.906 DEBUG: RemoveBrowserWindow(): hwnd = 853456
- 13:43:24.906 INFO: Stopping Mongoose web server
- 13:43:24.906 DEBUG: Mongoose webserver stopped immediately
- 13:43:24.937 DEBUG: OnBeforeClose() hwnd=787922
- 13:43:24.937 DEBUG: RemoveBrowserWindow(): hwnd = 787922
- 13:43:24.937 DEBUG: GetBrowserWindow(): not found, hwnd = 787922
- 13:43:24.937 WARNING: RemoveBrowserWindow() failed: GetBrowserWindow() failed
- 13:43:24.937 DEBUG: Calling CefQuitMessageLoop()
- 13:43:24.140 INFO: Ended application
- 13:43:24.140 INFO: --------------------------------------------------------
- 13:43:30.125 DEBUG: WM_DESTROY
- 13:43:30.125 DEBUG: RemoveBrowserWindow(): hwnd = 656852
- 13:43:30.125 INFO: Stopping Mongoose web server
- 13:43:30.125 DEBUG: Mongoose webserver stopped immediately
- 13:43:30.125 DEBUG: OnBeforeClose() hwnd=1049810
- 13:43:30.125 DEBUG: RemoveBrowserWindow(): hwnd = 1049810
- 13:43:30.125 DEBUG: GetBrowserWindow(): not found, hwnd = 1049810
- 13:43:30.125 WARNING: RemoveBrowserWindow() failed: GetBrowserWindow() failed
- 13:43:30.125 DEBUG: Calling CefQuitMessageLoop()
- 13:43:30.218 INFO: Ended application
- 13:43:30.218 INFO: --------------------------------------------------------
- 13:43:32.968 DEBUG: WM_DESTROY
- 13:43:32.968 DEBUG: RemoveBrowserWindow(): hwnd = 919000
- 13:43:32.968 INFO: Stopping Mongoose web server
- 13:43:32.968 DEBUG: Mongoose webserver stopped immediately
- 13:43:32.000 DEBUG: OnBeforeClose() hwnd=132646
- 13:43:32.000 DEBUG: RemoveBrowserWindow(): hwnd = 132646
- 13:43:32.000 DEBUG: GetBrowserWindow(): not found, hwnd = 132646
- 13:43:32.000 WARNING: RemoveBrowserWindow() failed: GetBrowserWindow() failed
- 13:43:32.000 DEBUG: Calling CefQuitMessageLoop()
- 13:43:32.109 INFO: Ended application
- 13:43:32.109 INFO: --------------------------------------------------------
- 13:43:38.016 INFO: --------------------------------------------------------
- 13:43:38.016 INFO: Started application
- 13:43:38.016 INFO: Logging to: C:\xampp\htdocs\calculator\debug.log
- 13:43:38.016 INFO: Log level = DEBUG4
- 13:43:38.016 INFO: Starting Mongoose 3.9c web server
- 13:43:38.016 INFO: WWW directory: C:\xampp\htdocs\calculator\www
- 13:43:38.016 INFO: Index files: index.html,index.php
- 13:43:38.016 INFO: CGI interpreter: C:\xampp\htdocs\calculator\php\php-cgi.exe
- 13:43:38.016 INFO: CGI pattern: **.php$
- 13:43:38.016 INFO: Hide files patterns: 
- 13:43:38.016 INFO: CGI environment variables set: TMP=C:\Users\ADMIN\AppData\Local\Temp\,TEMP=C:\Users\ADMIN\AppData\Local\Temp\,TMPDIR=C:\Users\ADMIN\AppData\Local\Temp\,SERVER_NAME=127.0.0.1,PHPDESKTOP_VERSION=57.0
- 13:43:38.016 INFO: Web server url: http://127.0.0.1:3606/
- 13:43:38.016 INFO: remote_debugging_port = 62438
- 13:43:38.016 DEBUG: Command line string for the browser process: "C:\xampp\htdocs\calculator\calculator.exe" --no-sandbox --lang=en-US --log-file="C:\xampp\htdocs\calculator\debug.log" --remote-debugging-port=62438
- 13:43:38.094 DEBUG: App::OnContextInitialized()
- 13:43:38.094 DEBUG: Window max width/height = 1600/962
- 13:43:38.094 DEBUG: GetBrowserWindow(): not found, hwnd = 1050132
- 13:43:38.094 DEBUG: WindowProc(): event WM_GETMINMAXINFO: could not fetch BrowserWindow
- 13:43:38.094 DEBUG: BrowserWindow::CreateBrowserControl()
- 13:43:38.094 DEBUG: StoreBrowserWindow(): hwnd = 1050132
- 13:43:38.375 DEBUG: ClientHandler::OnAfterCreated()
- 13:43:38.375 DEBUG: SetCefBrowser() called in ClientHandler::OnAfterCreated()
- 13:43:38.391 DEBUG: OnLoadingStateChange: loading=1, url=
- 13:43:38.000 DEBUG: Command line string for the gpu-process process: "C:\xampp\htdocs\calculator\calculator.exe" --type=gpu-process --no-sandbox --lang=en-US --log-file="C:\xampp\htdocs\calculator\debug.log" --disable-d3d11 --disable-direct-composition --supports-dual-gpus=false --gpu-driver-bug-workarounds=7,10,16,18,19,20,23,41,61,74 --disable-gl-extensions="GL_KHR_blend_equation_advanced GL_KHR_blend_equation_advanced_coherent" --gpu-vendor-id=0x8086 --gpu-device-id=0x29c2 --gpu-driver-vendor="Intel Corporation" --gpu-driver-version=8.15.10.2697 --gpu-driver-date=10-1-2012 --lang=en-US --log-file="C:\xampp\htdocs\calculator\debug.log" --service-request-channel-token=445B7AB5A6172896EB42C81847F8F3B4 --mojo-platform-channel-handle=1844 /prefetch:2
- 13:43:38.016 DEBUG: Command line string for the renderer process: "C:\xampp\htdocs\calculator\calculator.exe" --type=renderer --no-sandbox --primordial-pipe-token=059727E7EF4C8C6D2531830F6A6B960A --lang=en-US --lang=en-US --log-file="C:\xampp\htdocs\calculator\debug.log" --enable-pinch --device-scale-factor=1 --num-raster-threads=1 --content-image-texture-target=0,0,3553;0,1,3553;0,2,3553;0,3,3553;0,4,3553;0,5,3553;0,6,3553;0,7,3553;0,8,3553;0,9,3553;0,10,3553;0,11,3553;0,12,3553;0,13,3553;0,14,3553;0,15,3553;1,0,3553;1,1,3553;1,2,3553;1,3,3553;1,4,3553;1,5,3553;1,6,3553;1,7,3553;1,8,3553;1,9,3553;1,10,3553;1,11,3553;1,12,3553;1,13,3553;1,14,3553;1,15,3553;2,0,3553;2,1,3553;2,2,3553;2,3,3553;2,4,3553;2,5,3553;2,6,3553;2,7,3553;2,8,3553;2,9,3553;2,10,3553;2,11,3553;2,12,3553;2,13,3553;2,14,3553;2,15,3553;3,0,3553;3,1,3553;3,2,3553;3,3,3553;3,4,3553;3,5,3553;3,6,3553;3,7,3553;3,8,3553;3,9,3553;3,10,3553;3,11,3553;3,12,3553;3,13,3553;3,14,3553;3,15,3553 --disable-accelerated-video-decode --service-request-channel-token=059727E7EF4C8C6D2531830F6A6B960A --renderer-client-id=3 --mojo-platform-channel-handle=2344 /prefetch:1
[1203/134338.811:ERROR:angle_platform_impl.cc(33)] ANGLE Display::initialize error 0: No available renderers.
[1203/134338.811:ERROR:gl_surface_egl.cc(676)] eglInitialize D3D9 failed with error EGL_NOT_INITIALIZED
[1203/134338.811:ERROR:gl_initializer_win.cc(247)] GLSurfaceEGL::InitializeOneOff failed.
[1203/134338.823:ERROR:child_thread_impl.cc(762)] Request for unknown Channel-associated interface: ui::mojom::GpuMain
[1203/134338.824:ERROR:gpu_child_thread.cc(330)] Exiting GPU process due to errors during initialization
[1203/134338.850:ERROR:browser_gpu_channel_host_factory.cc(113)] Failed to launch GPU process.
[1203/134338.850:ERROR:browser_gpu_channel_host_factory.cc(113)] Failed to launch GPU process.
[1203/134338.850:ERROR:browser_gpu_channel_host_factory.cc(113)] Failed to launch GPU process.
[1203/134338.850:ERROR:browser_gpu_channel_host_factory.cc(113)] Failed to launch GPU process.
[1203/134338.850:ERROR:browser_gpu_channel_host_factory.cc(113)] Failed to launch GPU process.
- 13:43:38.156 DEBUG: OnBrowserCreated()
- 13:43:40.937 INFO: GET 200 /calc.png
- 13:43:40.969 INFO: GET 200 /
- 13:43:40.031 DEBUG: OnLoadingStateChange: loading=0, url=http://127.0.0.1:3606/
- 13:43:56.469 DEBUG: OnLoadingStateChange: loading=1, url=http://127.0.0.1:3606/
- 13:43:56.656 INFO: GET 200 /?num1=34564&num2=233&operator=Multiply&submit=submit
- 13:43:56.656 DEBUG: OnLoadingStateChange: loading=0, url=http://127.0.0.1:3606/?num1=34564&num2=233&operator=Multiply&submit=submit
- 13:45:00.875 DEBUG: WM_DESTROY
- 13:45:00.875 DEBUG: RemoveBrowserWindow(): hwnd = 1050132
- 13:45:00.875 INFO: Stopping Mongoose web server
- 13:45:00.875 DEBUG: Mongoose webserver stopped immediately
- 13:45:00.875 DEBUG: OnBeforeClose() hwnd=525782
- 13:45:00.875 DEBUG: RemoveBrowserWindow(): hwnd = 525782
- 13:45:00.875 DEBUG: GetBrowserWindow(): not found, hwnd = 525782
- 13:45:00.875 WARNING: RemoveBrowserWindow() failed: GetBrowserWindow() failed
- 13:45:00.875 DEBUG: Calling CefQuitMessageLoop()
- 13:45:00.984 INFO: Ended application
- 13:45:00.984 INFO: --------------------------------------------------------
- 13:46:33.000 INFO: --------------------------------------------------------
- 13:46:33.000 INFO: Started application
- 13:46:33.000 INFO: Logging to: C:\xampp\htdocs\calculator\debug.log
- 13:46:33.000 INFO: Log level = DEBUG4
- 13:46:33.000 INFO: Starting Mongoose 3.9c web server
- 13:46:33.000 INFO: WWW directory: C:\xampp\htdocs\calculator\www
- 13:46:33.000 INFO: Index files: index.html,index.php
- 13:46:33.000 INFO: CGI interpreter: C:\xampp\htdocs\calculator\php\php-cgi.exe
- 13:46:33.000 INFO: CGI pattern: **.php$
- 13:46:33.000 INFO: Hide files patterns: 
- 13:46:33.000 INFO: CGI environment variables set: TMP=C:\Users\ADMIN\AppData\Local\Temp\,TEMP=C:\Users\ADMIN\AppData\Local\Temp\,TMPDIR=C:\Users\ADMIN\AppData\Local\Temp\,SERVER_NAME=127.0.0.1,PHPDESKTOP_VERSION=57.0
- 13:46:33.016 INFO: Web server url: http://127.0.0.1:3626/
- 13:46:33.016 INFO: remote_debugging_port = 63065
- 13:46:33.016 DEBUG: Command line string for the browser process: "C:\xampp\htdocs\calculator\calculator.exe" --no-sandbox --lang=en-US --log-file="C:\xampp\htdocs\calculator\debug.log" --remote-debugging-port=63065
- 13:46:33.094 DEBUG: App::OnContextInitialized()
- 13:46:33.094 DEBUG: Window max width/height = 1600/962
- 13:46:33.094 DEBUG: GetBrowserWindow(): not found, hwnd = 591172
- 13:46:33.094 DEBUG: WindowProc(): event WM_GETMINMAXINFO: could not fetch BrowserWindow
- 13:46:33.094 DEBUG: BrowserWindow::CreateBrowserControl()
- 13:46:33.094 DEBUG: StoreBrowserWindow(): hwnd = 591172
- 13:46:34.375 DEBUG: ClientHandler::OnAfterCreated()
- 13:46:34.375 DEBUG: SetCefBrowser() called in ClientHandler::OnAfterCreated()
- 13:46:34.391 DEBUG: OnLoadingStateChange: loading=1, url=
- 13:46:34.000 DEBUG: Command line string for the gpu-process process: "C:\xampp\htdocs\calculator\calculator.exe" --type=gpu-process --no-sandbox --lang=en-US --log-file="C:\xampp\htdocs\calculator\debug.log" --disable-d3d11 --disable-direct-composition --supports-dual-gpus=false --gpu-driver-bug-workarounds=7,10,16,18,19,20,23,41,61,74 --disable-gl-extensions="GL_KHR_blend_equation_advanced GL_KHR_blend_equation_advanced_coherent" --gpu-vendor-id=0x8086 --gpu-device-id=0x29c2 --gpu-driver-vendor="Intel Corporation" --gpu-driver-version=8.15.10.2697 --gpu-driver-date=10-1-2012 --lang=en-US --log-file="C:\xampp\htdocs\calculator\debug.log" --service-request-channel-token=841AC60AB3DA2AC763D3815905A5F8DE --mojo-platform-channel-handle=1752 /prefetch:2
[1203/134634.369:ERROR:angle_platform_impl.cc(33)] ANGLE Display::initialize error 0: No available renderers.
[1203/134634.369:ERROR:gl_surface_egl.cc(676)] eglInitialize D3D9 failed with error EGL_NOT_INITIALIZED
[1203/134634.369:ERROR:gl_initializer_win.cc(247)] GLSurfaceEGL::InitializeOneOff failed.
[1203/134634.396:ERROR:child_thread_impl.cc(762)] Request for unknown Channel-associated interface: ui::mojom::GpuMain
[1203/134634.396:ERROR:gpu_child_thread.cc(330)] Exiting GPU process due to errors during initialization
[1203/134634.418:ERROR:browser_gpu_channel_host_factory.cc(113)] Failed to launch GPU process.
[1203/134634.418:ERROR:browser_gpu_channel_host_factory.cc(113)] Failed to launch GPU process.
[1203/134634.418:ERROR:browser_gpu_channel_host_factory.cc(113)] Failed to launch GPU process.
[1203/134634.419:ERROR:browser_gpu_channel_host_factory.cc(113)] Failed to launch GPU process.
[1203/134634.419:ERROR:browser_gpu_channel_host_factory.cc(113)] Failed to launch GPU process.
- 13:46:34.000 DEBUG: Command line string for the renderer process: "C:\xampp\htdocs\calculator\calculator.exe" --type=renderer --no-sandbox --primordial-pipe-token=DC0DEC4F84CF891D6C380EF8C60FCC40 --lang=en-US --lang=en-US --log-file="C:\xampp\htdocs\calculator\debug.log" --enable-pinch --device-scale-factor=1 --num-raster-threads=1 --content-image-texture-target=0,0,3553;0,1,3553;0,2,3553;0,3,3553;0,4,3553;0,5,3553;0,6,3553;0,7,3553;0,8,3553;0,9,3553;0,10,3553;0,11,3553;0,12,3553;0,13,3553;0,14,3553;0,15,3553;1,0,3553;1,1,3553;1,2,3553;1,3,3553;1,4,3553;1,5,3553;1,6,3553;1,7,3553;1,8,3553;1,9,3553;1,10,3553;1,11,3553;1,12,3553;1,13,3553;1,14,3553;1,15,3553;2,0,3553;2,1,3553;2,2,3553;2,3,3553;2,4,3553;2,5,3553;2,6,3553;2,7,3553;2,8,3553;2,9,3553;2,10,3553;2,11,3553;2,12,3553;2,13,3553;2,14,3553;2,15,3553;3,0,3553;3,1,3553;3,2,3553;3,3,3553;3,4,3553;3,5,3553;3,6,3553;3,7,3553;3,8,3553;3,9,3553;3,10,3553;3,11,3553;3,12,3553;3,13,3553;3,14,3553;3,15,3553 --disable-accelerated-video-decode --service-request-channel-token=DC0DEC4F84CF891D6C380EF8C60FCC40 --renderer-client-id=3 --mojo-platform-channel-handle=2344 /prefetch:1
- 13:46:34.047 DEBUG: OnBrowserCreated()
- 13:46:35.063 INFO: GET 200 /calc.png
- 13:46:35.110 INFO: GET 200 /
- 13:46:35.172 DEBUG: OnLoadingStateChange: loading=0, url=http://127.0.0.1:3626/
- 13:48:03.563 DEBUG: WM_DESTROY
- 13:48:03.563 DEBUG: RemoveBrowserWindow(): hwnd = 591172
- 13:48:03.563 INFO: Stopping Mongoose web server
- 13:48:03.563 DEBUG: Mongoose webserver stopped immediately
- 13:48:03.594 DEBUG: OnBeforeClose() hwnd=1311842
- 13:48:03.594 DEBUG: RemoveBrowserWindow(): hwnd = 1311842
- 13:48:03.594 DEBUG: GetBrowserWindow(): not found, hwnd = 1311842
- 13:48:03.594 WARNING: RemoveBrowserWindow() failed: GetBrowserWindow() failed
- 13:48:03.594 DEBUG: Calling CefQuitMessageLoop()
- 13:48:03.703 INFO: Ended application
- 13:48:03.703 INFO: --------------------------------------------------------
- 13:48:06.000 INFO: --------------------------------------------------------
- 13:48:06.000 INFO: Started application
- 13:48:06.000 INFO: Logging to: C:\xampp\htdocs\calculator\debug.log
- 13:48:06.000 INFO: Log level = DEBUG4
- 13:48:06.000 INFO: Starting Mongoose 3.9c web server
- 13:48:06.000 INFO: WWW directory: C:\xampp\htdocs\calculator\www
- 13:48:06.000 INFO: Index files: index.html,index.php
- 13:48:06.000 INFO: CGI interpreter: C:\xampp\htdocs\calculator\php\php-cgi.exe
- 13:48:06.000 INFO: CGI pattern: **.php$
- 13:48:06.000 INFO: Hide files patterns: 
- 13:48:06.000 INFO: CGI environment variables set: TMP=C:\Users\ADMIN\AppData\Local\Temp\,TEMP=C:\Users\ADMIN\AppData\Local\Temp\,TMPDIR=C:\Users\ADMIN\AppData\Local\Temp\,SERVER_NAME=127.0.0.1,PHPDESKTOP_VERSION=57.0
- 13:48:06.016 INFO: Web server url: http://127.0.0.1:3635/
- 13:48:06.016 INFO: remote_debugging_port = 58482
- 13:48:06.016 DEBUG: Command line string for the browser process: "C:\xampp\htdocs\calculator\calculator.exe" --no-sandbox --lang=en-US --log-file="C:\xampp\htdocs\calculator\debug.log" --remote-debugging-port=58482
- 13:48:06.094 DEBUG: App::OnContextInitialized()
- 13:48:06.094 DEBUG: Window max width/height = 1600/962
- 13:48:06.094 DEBUG: GetBrowserWindow(): not found, hwnd = 656728
- 13:48:06.094 DEBUG: WindowProc(): event WM_GETMINMAXINFO: could not fetch BrowserWindow
- 13:48:06.094 DEBUG: BrowserWindow::CreateBrowserControl()
- 13:48:06.094 DEBUG: StoreBrowserWindow(): hwnd = 656728
- 13:48:06.219 DEBUG: ClientHandler::OnAfterCreated()
- 13:48:06.219 DEBUG: SetCefBrowser() called in ClientHandler::OnAfterCreated()
- 13:48:06.250 DEBUG: OnLoadingStateChange: loading=1, url=
- 13:48:06.000 DEBUG: Command line string for the gpu-process process: "C:\xampp\htdocs\calculator\calculator.exe" --type=gpu-process --no-sandbox --lang=en-US --log-file="C:\xampp\htdocs\calculator\debug.log" --disable-d3d11 --disable-direct-composition --supports-dual-gpus=false --gpu-driver-bug-workarounds=7,10,16,18,19,20,23,41,61,74 --disable-gl-extensions="GL_KHR_blend_equation_advanced GL_KHR_blend_equation_advanced_coherent" --gpu-vendor-id=0x8086 --gpu-device-id=0x29c2 --gpu-driver-vendor="Intel Corporation" --gpu-driver-version=8.15.10.2697 --gpu-driver-date=10-1-2012 --lang=en-US --log-file="C:\xampp\htdocs\calculator\debug.log" --service-request-channel-token=2BBEFA412686ED94C8996F2F065EC456 --mojo-platform-channel-handle=1828 /prefetch:2
- 13:48:06.015 DEBUG: Command line string for the renderer process: "C:\xampp\htdocs\calculator\calculator.exe" --type=renderer --no-sandbox --primordial-pipe-token=368E1731E276957487E4BF9A73FF0470 --lang=en-US --lang=en-US --log-file="C:\xampp\htdocs\calculator\debug.log" --enable-pinch --device-scale-factor=1 --num-raster-threads=1 --content-image-texture-target=0,0,3553;0,1,3553;0,2,3553;0,3,3553;0,4,3553;0,5,3553;0,6,3553;0,7,3553;0,8,3553;0,9,3553;0,10,3553;0,11,3553;0,12,3553;0,13,3553;0,14,3553;0,15,3553;1,0,3553;1,1,3553;1,2,3553;1,3,3553;1,4,3553;1,5,3553;1,6,3553;1,7,3553;1,8,3553;1,9,3553;1,10,3553;1,11,3553;1,12,3553;1,13,3553;1,14,3553;1,15,3553;2,0,3553;2,1,3553;2,2,3553;2,3,3553;2,4,3553;2,5,3553;2,6,3553;2,7,3553;2,8,3553;2,9,3553;2,10,3553;2,11,3553;2,12,3553;2,13,3553;2,14,3553;2,15,3553;3,0,3553;3,1,3553;3,2,3553;3,3,3553;3,4,3553;3,5,3553;3,6,3553;3,7,3553;3,8,3553;3,9,3553;3,10,3553;3,11,3553;3,12,3553;3,13,3553;3,14,3553;3,15,3553 --disable-accelerated-video-decode --service-request-channel-token=368E1731E276957487E4BF9A73FF0470 --renderer-client-id=3 --mojo-platform-channel-handle=2336 /prefetch:1
[1203/134806.748:ERROR:angle_platform_impl.cc(33)] ANGLE Display::initialize error 0: No available renderers.
[1203/134806.748:ERROR:gl_surface_egl.cc(676)] eglInitialize D3D9 failed with error EGL_NOT_INITIALIZED
[1203/134806.757:ERROR:gl_initializer_win.cc(247)] GLSurfaceEGL::InitializeOneOff failed.
[1203/134806.767:ERROR:child_thread_impl.cc(762)] Request for unknown Channel-associated interface: ui::mojom::GpuMain
[1203/134806.767:ERROR:gpu_child_thread.cc(330)] Exiting GPU process due to errors during initialization
[1203/134806.789:ERROR:browser_gpu_channel_host_factory.cc(113)] Failed to launch GPU process.
[1203/134806.789:ERROR:browser_gpu_channel_host_factory.cc(113)] Failed to launch GPU process.
[1203/134806.790:ERROR:browser_gpu_channel_host_factory.cc(113)] Failed to launch GPU process.
[1203/134806.790:ERROR:browser_gpu_channel_host_factory.cc(113)] Failed to launch GPU process.
[1203/134806.790:ERROR:browser_gpu_channel_host_factory.cc(113)] Failed to launch GPU process.
- 13:48:06.140 DEBUG: OnBrowserCreated()
- 13:48:08.875 INFO: GET 200 /calc.png
- 13:48:08.891 INFO: GET 200 /
- 13:48:08.078 DEBUG: OnLoadingStateChange: loading=0, url=http://127.0.0.1:3635/
- 13:50:24.891 DEBUG: WM_DESTROY
- 13:50:24.891 DEBUG: RemoveBrowserWindow(): hwnd = 656728
- 13:50:24.891 INFO: Stopping Mongoose web server
- 13:50:24.891 DEBUG: Mongoose webserver stopped immediately
- 13:50:24.891 DEBUG: OnBeforeClose() hwnd=656932
- 13:50:24.891 DEBUG: RemoveBrowserWindow(): hwnd = 656932
- 13:50:24.891 DEBUG: GetBrowserWindow(): not found, hwnd = 656932
- 13:50:24.891 WARNING: RemoveBrowserWindow() failed: GetBrowserWindow() failed
- 13:50:24.891 DEBUG: Calling CefQuitMessageLoop()
- 13:50:24.016 INFO: Ended application
- 13:50:24.016 INFO: --------------------------------------------------------
- 13:50:25.000 INFO: --------------------------------------------------------
- 13:50:25.000 INFO: Started application
- 13:50:25.000 INFO: Logging to: C:\xampp\htdocs\calculator\debug.log
- 13:50:25.000 INFO: Log level = DEBUG4
- 13:50:25.000 INFO: Starting Mongoose 3.9c web server
- 13:50:25.000 INFO: WWW directory: C:\xampp\htdocs\calculator\www
- 13:50:25.000 INFO: Index files: index.html,index.php
- 13:50:25.000 INFO: CGI interpreter: C:\xampp\htdocs\calculator\php\php-cgi.exe
- 13:50:25.000 INFO: CGI pattern: **.php$
- 13:50:25.000 INFO: Hide files patterns: 
- 13:50:25.000 INFO: CGI environment variables set: TMP=C:\Users\ADMIN\AppData\Local\Temp\,TEMP=C:\Users\ADMIN\AppData\Local\Temp\,TMPDIR=C:\Users\ADMIN\AppData\Local\Temp\,SERVER_NAME=127.0.0.1,PHPDESKTOP_VERSION=57.0
- 13:50:25.000 INFO: Web server url: http://127.0.0.1:3649/
- 13:50:25.000 INFO: remote_debugging_port = 63102
- 13:50:25.000 DEBUG: Command line string for the browser process: "C:\xampp\htdocs\calculator\calculator.exe" --no-sandbox --lang=en-US --log-file="C:\xampp\htdocs\calculator\debug.log" --remote-debugging-port=63102
- 13:50:25.093 DEBUG: App::OnContextInitialized()
- 13:50:25.093 DEBUG: Window max width/height = 1600/962
- 13:50:25.093 DEBUG: GetBrowserWindow(): not found, hwnd = 1377710
- 13:50:25.093 DEBUG: WindowProc(): event WM_GETMINMAXINFO: could not fetch BrowserWindow
- 13:50:25.109 DEBUG: BrowserWindow::CreateBrowserControl()
- 13:50:25.109 DEBUG: StoreBrowserWindow(): hwnd = 1377710
- 13:50:26.328 DEBUG: ClientHandler::OnAfterCreated()
- 13:50:26.328 DEBUG: SetCefBrowser() called in ClientHandler::OnAfterCreated()
- 13:50:26.343 DEBUG: OnLoadingStateChange: loading=1, url=
- 13:50:26.000 DEBUG: Command line string for the renderer process: "C:\xampp\htdocs\calculator\calculator.exe" --type=renderer --no-sandbox --primordial-pipe-token=85797801F3DBC3C43E291A54CD152379 --lang=en-US --lang=en-US --log-file="C:\xampp\htdocs\calculator\debug.log" --enable-pinch --device-scale-factor=1 --num-raster-threads=1 --content-image-texture-target=0,0,3553;0,1,3553;0,2,3553;0,3,3553;0,4,3553;0,5,3553;0,6,3553;0,7,3553;0,8,3553;0,9,3553;0,10,3553;0,11,3553;0,12,3553;0,13,3553;0,14,3553;0,15,3553;1,0,3553;1,1,3553;1,2,3553;1,3,3553;1,4,3553;1,5,3553;1,6,3553;1,7,3553;1,8,3553;1,9,3553;1,10,3553;1,11,3553;1,12,3553;1,13,3553;1,14,3553;1,15,3553;2,0,3553;2,1,3553;2,2,3553;2,3,3553;2,4,3553;2,5,3553;2,6,3553;2,7,3553;2,8,3553;2,9,3553;2,10,3553;2,11,3553;2,12,3553;2,13,3553;2,14,3553;2,15,3553;3,0,3553;3,1,3553;3,2,3553;3,3,3553;3,4,3553;3,5,3553;3,6,3553;3,7,3553;3,8,3553;3,9,3553;3,10,3553;3,11,3553;3,12,3553;3,13,3553;3,14,3553;3,15,3553 --disable-accelerated-video-decode --service-request-channel-token=85797801F3DBC3C43E291A54CD152379 --renderer-client-id=3 --mojo-platform-channel-handle=2360 /prefetch:1
- 13:50:26.000 DEBUG: Command line string for the gpu-process process: "C:\xampp\htdocs\calculator\calculator.exe" --type=gpu-process --no-sandbox --lang=en-US --log-file="C:\xampp\htdocs\calculator\debug.log" --disable-d3d11 --disable-direct-composition --supports-dual-gpus=false --gpu-driver-bug-workarounds=7,10,16,18,19,20,23,41,61,74 --disable-gl-extensions="GL_KHR_blend_equation_advanced GL_KHR_blend_equation_advanced_coherent" --gpu-vendor-id=0x8086 --gpu-device-id=0x29c2 --gpu-driver-vendor="Intel Corporation" --gpu-driver-version=8.15.10.2697 --gpu-driver-date=10-1-2012 --lang=en-US --log-file="C:\xampp\htdocs\calculator\debug.log" --service-request-channel-token=A343CB31D1C376BBBF8CF4B089833296 --mojo-platform-channel-handle=1828 /prefetch:2
[1203/135026.300:ERROR:angle_platform_impl.cc(33)] ANGLE Display::initialize error 0: No available renderers.
[1203/135026.300:ERROR:gl_surface_egl.cc(676)] eglInitialize D3D9 failed with error EGL_NOT_INITIALIZED
[1203/135026.300:ERROR:gl_initializer_win.cc(247)] GLSurfaceEGL::InitializeOneOff failed.
[1203/135026.306:ERROR:child_thread_impl.cc(762)] Request for unknown Channel-associated interface: ui::mojom::GpuMain
[1203/135026.307:ERROR:gpu_child_thread.cc(330)] Exiting GPU process due to errors during initialization
[1203/135026.331:ERROR:browser_gpu_channel_host_factory.cc(113)] Failed to launch GPU process.
[1203/135026.331:ERROR:browser_gpu_channel_host_factory.cc(113)] Failed to launch GPU process.
[1203/135026.331:ERROR:browser_gpu_channel_host_factory.cc(113)] Failed to launch GPU process.
[1203/135026.331:ERROR:browser_gpu_channel_host_factory.cc(113)] Failed to launch GPU process.
[1203/135026.331:ERROR:browser_gpu_channel_host_factory.cc(113)] Failed to launch GPU process.
- 13:50:26.141 DEBUG: OnBrowserCreated()
- 13:50:27.859 INFO: GET 200 /calc.png
- 13:50:27.890 INFO: GET 200 /
- 13:50:27.953 DEBUG: OnLoadingStateChange: loading=0, url=http://127.0.0.1:3649/
- 13:50:41.984 DEBUG: OnLoadingStateChange: loading=1, url=http://127.0.0.1:3649/
- 13:50:41.171 INFO: GET 200 /?num1=3445&num2=23&operator=Add&submit=submit
- 13:50:41.171 DEBUG: OnLoadingStateChange: loading=0, url=http://127.0.0.1:3649/?num1=3445&num2=23&operator=Add&submit=submit
- 13:52:00.796 DEBUG: WM_DESTROY
- 13:52:00.796 DEBUG: RemoveBrowserWindow(): hwnd = 1377710
- 13:52:00.796 INFO: Stopping Mongoose web server
- 13:52:00.796 DEBUG: Mongoose webserver stopped immediately
- 13:52:00.812 DEBUG: OnBeforeClose() hwnd=1246584
- 13:52:00.812 DEBUG: RemoveBrowserWindow(): hwnd = 1246584
- 13:52:00.812 DEBUG: GetBrowserWindow(): not found, hwnd = 1246584
- 13:52:00.812 WARNING: RemoveBrowserWindow() failed: GetBrowserWindow() failed
- 13:52:00.812 DEBUG: Calling CefQuitMessageLoop()
- 13:52:00.890 INFO: Ended application
- 13:52:00.890 INFO: --------------------------------------------------------
- 13:52:05.000 INFO: --------------------------------------------------------
- 13:52:05.000 INFO: Started application
- 13:52:05.000 INFO: Logging to: C:\xampp\htdocs\calculator\debug.log
- 13:52:05.000 INFO: Log level = DEBUG4
- 13:52:05.000 INFO: Starting Mongoose 3.9c web server
- 13:52:05.000 INFO: WWW directory: C:\xampp\htdocs\calculator\www
- 13:52:05.000 INFO: Index files: index.html,index.php
- 13:52:05.000 INFO: CGI interpreter: C:\xampp\htdocs\calculator\php\php-cgi.exe
- 13:52:05.000 INFO: CGI pattern: **.php$
- 13:52:05.000 INFO: Hide files patterns: 
- 13:52:05.000 INFO: CGI environment variables set: TMP=C:\Users\ADMIN\AppData\Local\Temp\,TEMP=C:\Users\ADMIN\AppData\Local\Temp\,TMPDIR=C:\Users\ADMIN\AppData\Local\Temp\,SERVER_NAME=127.0.0.1,PHPDESKTOP_VERSION=57.0
- 13:52:05.000 INFO: Web server url: http://127.0.0.1:3668/
- 13:52:05.000 INFO: remote_debugging_port = 60995
- 13:52:05.000 DEBUG: Command line string for the browser process: "C:\xampp\htdocs\calculator\calculator.exe" --no-sandbox --lang=en-US --log-file="C:\xampp\htdocs\calculator\debug.log" --remote-debugging-port=60995
- 13:52:05.093 DEBUG: App::OnContextInitialized()
- 13:52:05.093 DEBUG: Window max width/height = 1600/962
- 13:52:05.093 DEBUG: GetBrowserWindow(): not found, hwnd = 787800
- 13:52:05.093 DEBUG: WindowProc(): event WM_GETMINMAXINFO: could not fetch BrowserWindow
- 13:52:05.093 DEBUG: BrowserWindow::CreateBrowserControl()
- 13:52:05.093 DEBUG: StoreBrowserWindow(): hwnd = 787800
- 13:52:05.281 DEBUG: ClientHandler::OnAfterCreated()
- 13:52:05.281 DEBUG: SetCefBrowser() called in ClientHandler::OnAfterCreated()
- 13:52:05.296 DEBUG: OnLoadingStateChange: loading=1, url=
- 13:52:05.000 DEBUG: Command line string for the gpu-process process: "C:\xampp\htdocs\calculator\calculator.exe" --type=gpu-process --no-sandbox --lang=en-US --log-file="C:\xampp\htdocs\calculator\debug.log" --disable-d3d11 --disable-direct-composition --supports-dual-gpus=false --gpu-driver-bug-workarounds=7,10,16,18,19,20,23,41,61,74 --disable-gl-extensions="GL_KHR_blend_equation_advanced GL_KHR_blend_equation_advanced_coherent" --gpu-vendor-id=0x8086 --gpu-device-id=0x29c2 --gpu-driver-vendor="Intel Corporation" --gpu-driver-version=8.15.10.2697 --gpu-driver-date=10-1-2012 --lang=en-US --log-file="C:\xampp\htdocs\calculator\debug.log" --service-request-channel-token=18DC9516C19D1D3604AEF897CF205467 --mojo-platform-channel-handle=1744 /prefetch:2
- 13:52:05.000 DEBUG: Command line string for the renderer process: "C:\xampp\htdocs\calculator\calculator.exe" --type=renderer --no-sandbox --primordial-pipe-token=F96535F6A775C877347FC09056348D2C --lang=en-US --lang=en-US --log-file="C:\xampp\htdocs\calculator\debug.log" --enable-pinch --device-scale-factor=1 --num-raster-threads=1 --content-image-texture-target=0,0,3553;0,1,3553;0,2,3553;0,3,3553;0,4,3553;0,5,3553;0,6,3553;0,7,3553;0,8,3553;0,9,3553;0,10,3553;0,11,3553;0,12,3553;0,13,3553;0,14,3553;0,15,3553;1,0,3553;1,1,3553;1,2,3553;1,3,3553;1,4,3553;1,5,3553;1,6,3553;1,7,3553;1,8,3553;1,9,3553;1,10,3553;1,11,3553;1,12,3553;1,13,3553;1,14,3553;1,15,3553;2,0,3553;2,1,3553;2,2,3553;2,3,3553;2,4,3553;2,5,3553;2,6,3553;2,7,3553;2,8,3553;2,9,3553;2,10,3553;2,11,3553;2,12,3553;2,13,3553;2,14,3553;2,15,3553;3,0,3553;3,1,3553;3,2,3553;3,3,3553;3,4,3553;3,5,3553;3,6,3553;3,7,3553;3,8,3553;3,9,3553;3,10,3553;3,11,3553;3,12,3553;3,13,3553;3,14,3553;3,15,3553 --disable-accelerated-video-decode --service-request-channel-token=F96535F6A775C877347FC09056348D2C --renderer-client-id=3 --mojo-platform-channel-handle=2356 /prefetch:1
[1203/135205.715:ERROR:angle_platform_impl.cc(33)] ANGLE Display::initialize error 0: No available renderers.
[1203/135205.716:ERROR:gl_surface_egl.cc(676)] eglInitialize D3D9 failed with error EGL_NOT_INITIALIZED
[1203/135205.716:ERROR:gl_initializer_win.cc(247)] GLSurfaceEGL::InitializeOneOff failed.
[1203/135205.727:ERROR:child_thread_impl.cc(762)] Request for unknown Channel-associated interface: ui::mojom::GpuMain
[1203/135205.727:ERROR:gpu_child_thread.cc(330)] Exiting GPU process due to errors during initialization
[1203/135205.748:ERROR:browser_gpu_channel_host_factory.cc(113)] Failed to launch GPU process.
[1203/135205.749:ERROR:browser_gpu_channel_host_factory.cc(113)] Failed to launch GPU process.
[1203/135205.749:ERROR:browser_gpu_channel_host_factory.cc(113)] Failed to launch GPU process.
[1203/135205.749:ERROR:browser_gpu_channel_host_factory.cc(113)] Failed to launch GPU process.
[1203/135205.749:ERROR:browser_gpu_channel_host_factory.cc(113)] Failed to launch GPU process.
- 13:52:05.094 DEBUG: OnBrowserCreated()
- 13:52:07.765 INFO: GET 200 /calc.png
- 13:52:07.781 INFO: GET 200 /
- 13:52:07.828 DEBUG: OnLoadingStateChange: loading=0, url=http://127.0.0.1:3668/
- 13:52:15.296 DEBUG: OnLoadingStateChange: loading=1, url=http://127.0.0.1:3668/
- 13:52:15.453 INFO: GET 200 /?num1=&num2=&operator=Add&submit=submit
- 13:52:15.468 DEBUG: OnLoadingStateChange: loading=0, url=http://127.0.0.1:3668/?num1=&num2=&operator=Add&submit=submit
- 13:52:33.562 DEBUG: OnLoadingStateChange: loading=1, url=http://127.0.0.1:3668/?num1=&num2=&operator=Add&submit=submit
- 13:52:33.750 INFO: GET 200 /?num1=35&num2=566&operator=Add&submit=submit
- 13:52:34.750 DEBUG: OnLoadingStateChange: loading=0, url=http://127.0.0.1:3668/?num1=35&num2=566&operator=Add&submit=submit
- 13:53:08.625 DEBUG: WM_DESTROY
- 13:53:08.625 DEBUG: RemoveBrowserWindow(): hwnd = 787800
- 13:53:08.625 INFO: Stopping Mongoose web server
- 13:53:08.625 DEBUG: Mongoose webserver stopped immediately
- 13:53:08.671 DEBUG: OnBeforeClose() hwnd=788084
- 13:53:08.671 DEBUG: RemoveBrowserWindow(): hwnd = 788084
- 13:53:08.671 DEBUG: GetBrowserWindow(): not found, hwnd = 788084
- 13:53:08.671 WARNING: RemoveBrowserWindow() failed: GetBrowserWindow() failed
- 13:53:08.671 DEBUG: Calling CefQuitMessageLoop()
- 13:53:09.750 INFO: Ended application
- 13:53:09.750 INFO: --------------------------------------------------------
- 13:53:10.015 INFO: --------------------------------------------------------
- 13:53:10.015 INFO: Started application
- 13:53:10.015 INFO: Logging to: C:\xampp\htdocs\calculator\debug.log
- 13:53:10.015 INFO: Log level = DEBUG4
- 13:53:10.015 INFO: Starting Mongoose 3.9c web server
- 13:53:10.015 INFO: WWW directory: C:\xampp\htdocs\calculator\www
- 13:53:10.015 INFO: Index files: index.html,index.php
- 13:53:10.015 INFO: CGI interpreter: C:\xampp\htdocs\calculator\php\php-cgi.exe
- 13:53:10.015 INFO: CGI pattern: **.php$
- 13:53:10.015 INFO: Hide files patterns: 
- 13:53:10.015 INFO: CGI environment variables set: TMP=C:\Users\ADMIN\AppData\Local\Temp\,TEMP=C:\Users\ADMIN\AppData\Local\Temp\,TMPDIR=C:\Users\ADMIN\AppData\Local\Temp\,SERVER_NAME=127.0.0.1,PHPDESKTOP_VERSION=57.0
- 13:53:10.015 INFO: Web server url: http://127.0.0.1:3679/
- 13:53:10.015 INFO: remote_debugging_port = 62624
- 13:53:10.015 DEBUG: Command line string for the browser process: "C:\xampp\htdocs\calculator\calculator.exe" --no-sandbox --lang=en-US --log-file="C:\xampp\htdocs\calculator\debug.log" --remote-debugging-port=62624
- 13:53:11.109 DEBUG: App::OnContextInitialized()
- 13:53:11.109 DEBUG: Window max width/height = 1600/962
- 13:53:11.109 DEBUG: GetBrowserWindow(): not found, hwnd = 786980
- 13:53:11.109 DEBUG: WindowProc(): event WM_GETMINMAXINFO: could not fetch BrowserWindow
- 13:53:11.109 DEBUG: BrowserWindow::CreateBrowserControl()
- 13:53:11.109 DEBUG: StoreBrowserWindow(): hwnd = 786980
- 13:53:11.015 DEBUG: Command line string for the gpu-process process: "C:\xampp\htdocs\calculator\calculator.exe" --type=gpu-process --no-sandbox --lang=en-US --log-file="C:\xampp\htdocs\calculator\debug.log" --disable-d3d11 --disable-direct-composition --supports-dual-gpus=false --gpu-driver-bug-workarounds=7,10,16,18,19,20,23,41,61,74 --disable-gl-extensions="GL_KHR_blend_equation_advanced GL_KHR_blend_equation_advanced_coherent" --gpu-vendor-id=0x8086 --gpu-device-id=0x29c2 --gpu-driver-vendor="Intel Corporation" --gpu-driver-version=8.15.10.2697 --gpu-driver-date=10-1-2012 --lang=en-US --log-file="C:\xampp\htdocs\calculator\debug.log" --service-request-channel-token=B4B3017540FF61740F0619BB373E38DF --mojo-platform-channel-handle=1732 /prefetch:2
- 13:53:11.359 DEBUG: ClientHandler::OnAfterCreated()
- 13:53:11.359 DEBUG: SetCefBrowser() called in ClientHandler::OnAfterCreated()
- 13:53:11.390 DEBUG: OnLoadingStateChange: loading=1, url=
[1203/135311.378:ERROR:angle_platform_impl.cc(33)] ANGLE Display::initialize error 0: No available renderers.
[1203/135311.378:ERROR:gl_surface_egl.cc(676)] eglInitialize D3D9 failed with error EGL_NOT_INITIALIZED
[1203/135311.378:ERROR:gl_initializer_win.cc(247)] GLSurfaceEGL::InitializeOneOff failed.
[1203/135311.386:ERROR:child_thread_impl.cc(762)] Request for unknown Channel-associated interface: ui::mojom::GpuMain
[1203/135311.386:ERROR:gpu_child_thread.cc(330)] Exiting GPU process due to errors during initialization
- 13:53:11.000 DEBUG: Command line string for the renderer process: "C:\xampp\htdocs\calculator\calculator.exe" --type=renderer --no-sandbox --primordial-pipe-token=3AC845B40C8C4BFF8EF8EFD46C918F30 --lang=en-US --lang=en-US --log-file="C:\xampp\htdocs\calculator\debug.log" --enable-pinch --device-scale-factor=1 --num-raster-threads=1 --content-image-texture-target=0,0,3553;0,1,3553;0,2,3553;0,3,3553;0,4,3553;0,5,3553;0,6,3553;0,7,3553;0,8,3553;0,9,3553;0,10,3553;0,11,3553;0,12,3553;0,13,3553;0,14,3553;0,15,3553;1,0,3553;1,1,3553;1,2,3553;1,3,3553;1,4,3553;1,5,3553;1,6,3553;1,7,3553;1,8,3553;1,9,3553;1,10,3553;1,11,3553;1,12,3553;1,13,3553;1,14,3553;1,15,3553;2,0,3553;2,1,3553;2,2,3553;2,3,3553;2,4,3553;2,5,3553;2,6,3553;2,7,3553;2,8,3553;2,9,3553;2,10,3553;2,11,3553;2,12,3553;2,13,3553;2,14,3553;2,15,3553;3,0,3553;3,1,3553;3,2,3553;3,3,3553;3,4,3553;3,5,3553;3,6,3553;3,7,3553;3,8,3553;3,9,3553;3,10,3553;3,11,3553;3,12,3553;3,13,3553;3,14,3553;3,15,3553 --disable-accelerated-video-decode --service-request-channel-token=3AC845B40C8C4BFF8EF8EFD46C918F30 --renderer-client-id=3 --mojo-platform-channel-handle=2336 /prefetch:1
[1203/135311.419:ERROR:browser_gpu_channel_host_factory.cc(113)] Failed to launch GPU process.
[1203/135311.419:ERROR:browser_gpu_channel_host_factory.cc(113)] Failed to launch GPU process.
[1203/135311.419:ERROR:browser_gpu_channel_host_factory.cc(113)] Failed to launch GPU process.
[1203/135311.419:ERROR:browser_gpu_channel_host_factory.cc(113)] Failed to launch GPU process.
[1203/135311.419:ERROR:browser_gpu_channel_host_factory.cc(113)] Failed to launch GPU process.
- 13:53:11.078 DEBUG: OnBrowserCreated()
- 13:53:12.844 INFO: GET 200 /calc.png
- 13:53:12.859 INFO: GET 200 /
- 13:53:12.906 DEBUG: OnLoadingStateChange: loading=0, url=http://127.0.0.1:3679/
- 13:53:20.047 DEBUG: WM_DESTROY
- 13:53:20.047 DEBUG: RemoveBrowserWindow(): hwnd = 786980
- 13:53:20.047 INFO: Stopping Mongoose web server
- 13:53:20.047 DEBUG: Mongoose webserver stopped immediately
- 13:53:20.047 DEBUG: OnBeforeClose() hwnd=1574464
- 13:53:20.047 DEBUG: RemoveBrowserWindow(): hwnd = 1574464
- 13:53:20.047 DEBUG: GetBrowserWindow(): not found, hwnd = 1574464
- 13:53:20.047 WARNING: RemoveBrowserWindow() failed: GetBrowserWindow() failed
- 13:53:20.047 DEBUG: Calling CefQuitMessageLoop()
- 13:53:21.109 INFO: Ended application
- 13:53:21.109 INFO: --------------------------------------------------------
